<?xml version="1.0" encoding="UTF-8"?>
<!-- Generated by org.testng.reporters.JUnitReportReporter -->
<testsuite hostname="Krishna" name="UI_Testing.UI_TestCases" tests="7" failures="0" timestamp="13 Jun 2019 18:44:37 GMT" time="86.578" errors="0">
  <testcase name="List_Operation_Link_Test" time="7.651" classname="UI_Testing.UI_TestCases"/>
  <testcase name="Explore_Test" time="8.391" classname="UI_Testing.UI_TestCases"/>
  <testcase name="Logo_Test" time="20.596" classname="UI_Testing.UI_TestCases"/>
  <testcase name="Show_Hide_Test" time="21.940" classname="UI_Testing.UI_TestCases"/>
  <testcase name="Expand_Operation_Link_Test" time="8.862" classname="UI_Testing.UI_TestCases"/>
  <testcase name="PageTitle_Test" time="9.381" classname="UI_Testing.UI_TestCases"/>
  <testcase name="default_Link_Test" time="9.757" classname="UI_Testing.UI_TestCases"/>
</testsuite> <!-- UI_Testing.UI_TestCases -->
